{"/Users/anugheerthi/Documents/React-Native-Workspace/my_first_react_app/Components/FlatListGoalItem.js": {"path":"/Users/anugheerthi/Documents/React-Native-Workspace/my_first_react_app/Components/FlatListGoalItem.js","statementMap":{"0":{"start":{"line":1,"column":42},"end":{"line":1,"column":97}},"1":{"start":{"line":1,"column":98},"end":{"line":1,"column":160}},"2":{"start":{"line":1,"column":160},"end":{"line":1,"column":185}},"3":{"start":{"line":1,"column":198},"end":{"line":1,"column":238}},"4":{"start":{"line":2,"column":19},"end":{"line":2,"column":42}},"5":{"start":{"line":2,"column":62},"end":{"line":2,"column":165}},"6":{"start":{"line":9,"column":23},"end":{"line":21,"column":1}},"7":{"start":{"line":11,"column":23},"end":{"line":11,"column":94}},"8":{"start":{"line":11,"column":50},"end":{"line":11,"column":93}},"9":{"start":{"line":13,"column":2},"end":{"line":16,"column":138}},"10":{"start":{"line":23,"column":13},"end":{"line":31,"column":22}},"11":{"start":{"line":35,"column":0},"end":{"line":35,"column":16}},"12":{"start":{"line":35,"column":17},"end":{"line":35,"column":44}}},"fnMap":{"0":{"name":"FlatListGoalItem","decl":{"start":{"line":9,"column":32},"end":{"line":9,"column":48}},"loc":{"start":{"line":9,"column":56},"end":{"line":21,"column":1}},"line":9},"1":{"name":"onPressHandler","decl":{"start":{"line":11,"column":32},"end":{"line":11,"column":46}},"loc":{"start":{"line":11,"column":49},"end":{"line":11,"column":94}},"line":11}},"branchMap":{},"s":{"0":1,"1":1,"2":1,"3":1,"4":1,"5":1,"6":1,"7":2,"8":1,"9":2,"10":1,"11":1,"12":1},"f":{"0":2,"1":1},"b":{},"_coverageSchema":"1a1c01bbd47fc00a2c39e90264f33305004495a9","hash":"8f38ce13a588818f8cbadb9cf895d690de15ad0f"}
}
