{"/Users/anugheerthi/Documents/React-Native-Workspace/my_first_react_app/TestableComponents/CustomButton.js": {"path":"/Users/anugheerthi/Documents/React-Native-Workspace/my_first_react_app/TestableComponents/CustomButton.js","statementMap":{"0":{"start":{"line":1,"column":42},"end":{"line":1,"column":97}},"1":{"start":{"line":1,"column":98},"end":{"line":1,"column":160}},"2":{"start":{"line":1,"column":160},"end":{"line":1,"column":185}},"3":{"start":{"line":1,"column":198},"end":{"line":1,"column":238}},"4":{"start":{"line":2,"column":19},"end":{"line":2,"column":42}},"5":{"start":{"line":2,"column":62},"end":{"line":2,"column":169}},"6":{"start":{"line":4,"column":19},"end":{"line":14,"column":1}},"7":{"start":{"line":5,"column":16},"end":{"line":5,"column":34}},"8":{"start":{"line":5,"column":47},"end":{"line":5,"column":63}},"9":{"start":{"line":6,"column":12},"end":{"line":6,"column":25}},"10":{"start":{"line":6,"column":34},"end":{"line":6,"column":45}},"11":{"start":{"line":7,"column":2},"end":{"line":10,"column":13}},"12":{"start":{"line":16,"column":13},"end":{"line":32,"column":23}},"13":{"start":{"line":36,"column":0},"end":{"line":36,"column":12}},"14":{"start":{"line":36,"column":13},"end":{"line":36,"column":40}}},"fnMap":{"0":{"name":"CustomButton","decl":{"start":{"line":4,"column":28},"end":{"line":4,"column":40}},"loc":{"start":{"line":4,"column":48},"end":{"line":14,"column":1}},"line":4}},"branchMap":{},"s":{"0":1,"1":1,"2":1,"3":1,"4":1,"5":1,"6":1,"7":1,"8":1,"9":1,"10":1,"11":1,"12":1,"13":1,"14":1},"f":{"0":1},"b":{},"_coverageSchema":"1a1c01bbd47fc00a2c39e90264f33305004495a9","hash":"d189e3791dd70b7bb00f7ba568e7ebeeafaf7442"}
}
