TN:
SF:Components/FlatListGoalItem.js
FN:9,FlatListGoalItem
FN:11,onPressHandler
FNF:2
FNH:2
FNDA:2,FlatListGoalItem
FNDA:1,onPressHandler
DA:1,1
DA:2,1
DA:9,1
DA:11,2
DA:13,2
DA:23,1
DA:35,1
LF:7
LH:7
BRF:0
BRH:0
end_of_record
TN:
SF:TestableComponents/ClassComponents/CustomButton.js
FN:5,(anonymous_0)
FN:6,CustomButton
FN:11,(anonymous_2)
FN:17,render
FNF:4
FNH:4
FNDA:3,(anonymous_0)
FNDA:11,CustomButton
FNDA:4,(anonymous_2)
FNDA:11,render
DA:1,3
DA:2,3
DA:5,3
DA:6,11
DA:7,11
DA:12,4
DA:13,4
DA:14,2
DA:16,4
DA:17,11
DA:20,11
DA:21,11
DA:24,11
DA:26,11
DA:33,3
DA:36,3
DA:40,3
DA:60,3
LF:18
LH:18
BRDA:13,0,0,2
BRDA:13,0,1,2
BRDA:24,1,0,8
BRDA:24,1,1,3
BRF:4
BRH:4
end_of_record
TN:
SF:TestableComponents/FunctionalComponents/CustomButton.js
FN:4,CustomButton
FNF:1
FNH:1
FNDA:2,CustomButton
DA:1,1
DA:2,1
DA:4,1
DA:5,2
DA:6,2
DA:7,2
DA:16,1
DA:36,1
LF:8
LH:8
BRF:0
BRH:0
end_of_record
